[debug] [2021-03-09T18:09:51.208Z] ----------------------------------------------------------------------
[debug] [2021-03-09T18:09:51.210Z] Command:       C:\Program Files\nodejs\node.exe C:\Users\SyTruong\AppData\Roaming\npm\node_modules\firebase-tools\lib\bin\firebase.js emulators:start
[debug] [2021-03-09T18:09:51.210Z] CLI Version:   9.6.0
[debug] [2021-03-09T18:09:51.210Z] Platform:      win32
[debug] [2021-03-09T18:09:51.211Z] Node Version:  v12.13.1
[debug] [2021-03-09T18:09:51.212Z] Time:          Tue Mar 09 2021 20:09:51 GMT+0200 (Eastern European Standard Time)
[debug] [2021-03-09T18:09:51.212Z] ----------------------------------------------------------------------
[debug] [2021-03-09T18:09:51.212Z] 
[debug] [2021-03-09T18:09:51.221Z] > command requires scopes: ["email","openid","https://www.googleapis.com/auth/cloudplatformprojects.readonly","https://www.googleapis.com/auth/firebase","https://www.googleapis.com/auth/cloud-platform"]
[debug] [2021-03-09T18:09:51.222Z] > authorizing via signed-in user
[info] i  emulators: Starting emulators: functions, hosting {"metadata":{"emulator":{"name":"hub"},"message":"Starting emulators: functions, hosting"}}
[debug] [2021-03-09T18:09:53.312Z] [hub] writing locator at C:\Users\SyTruong\AppData\Local\Temp\hub-clone-a2517.json
[warn] !  functions: The following emulators are not running, calls to these services from the Functions emulator will affect production: auth, firestore, database, pubsub {"metadata":{"emulator":{"name":"functions"},"message":"The following emulators are not running, calls to these services from the Functions emulator will affect production: \u001b[1mauth, firestore, database, pubsub\u001b[22m"}}
[info] +  functions: Using node@12 from host. {"metadata":{"emulator":{"name":"functions"},"message":"Using node@12 from host."}}
[debug] [2021-03-09T18:09:55.382Z] defaultcredentials: writing to file C:\Users\SyTruong\AppData\Roaming\firebase\syqtruong_gmail_com_application_default_credentials.json
[debug] [2021-03-09T18:09:55.386Z] Setting GAC to C:\Users\SyTruong\AppData\Roaming\firebase\syqtruong_gmail_com_application_default_credentials.json {"metadata":{"emulator":{"name":"functions"},"message":"Setting GAC to C:\\Users\\SyTruong\\AppData\\Roaming\\firebase\\syqtruong_gmail_com_application_default_credentials.json"}}
[debug] [2021-03-09T18:09:55.388Z] >>> [apiv2][query] GET https://firebase.googleapis.com/v1beta1/projects/clone-a2517/adminSdkConfig [none]
[debug] [2021-03-09T18:09:56.251Z] <<< [apiv2][status] GET https://firebase.googleapis.com/v1beta1/projects/clone-a2517/adminSdkConfig 200
[debug] [2021-03-09T18:09:56.251Z] <<< [apiv2][body] GET https://firebase.googleapis.com/v1beta1/projects/clone-a2517/adminSdkConfig {"projectId":"clone-a2517","storageBucket":"clone-a2517.appspot.com","locationId":"europe-west"}
[debug] [2021-03-09T18:09:58.340Z] >>> [apiv2][query] GET https://firebase.googleapis.com/v1beta1/projects/clone-a2517/webApps/-/config [none]
[debug] [2021-03-09T18:09:59.219Z] <<< [apiv2][status] GET https://firebase.googleapis.com/v1beta1/projects/clone-a2517/webApps/-/config 200
[debug] [2021-03-09T18:09:59.220Z] <<< [apiv2][body] GET https://firebase.googleapis.com/v1beta1/projects/clone-a2517/webApps/-/config {"projectId":"clone-a2517","appId":"1:105147185389:web:eae4d0065baf419f7b74e4","storageBucket":"clone-a2517.appspot.com","locationId":"europe-west","apiKey":"AIzaSyAjgbddWp8BHTlyx1kr2n0oFd_c69lO0yY","authDomain":"clone-a2517.firebaseapp.com","messagingSenderId":"105147185389","measurementId":"G-W2J8HF6Y81"}
[info] i  hosting: Serving hosting files from: build {"metadata":{"emulator":{"name":"hosting"},"message":"Serving hosting files from: \u001b[1mbuild\u001b[22m"}}
[info] +  hosting: Local server: http://localhost:5000 {"metadata":{"emulator":{"name":"hosting"},"message":"Local server: \u001b[4m\u001b[1mhttp://localhost:5000\u001b[22m\u001b[24m"}}
[debug] [2021-03-09T18:10:03.371Z] Ignoring unsupported arg: auto_download {"metadata":{"emulator":{"name":"ui"},"message":"Ignoring unsupported arg: auto_download"}}
[debug] [2021-03-09T18:10:03.372Z] Ignoring unsupported arg: port {"metadata":{"emulator":{"name":"ui"},"message":"Ignoring unsupported arg: port"}}
[debug] [2021-03-09T18:10:03.373Z] Starting Emulator UI with command {"binary":"node","args":["C:\\Users\\SyTruong\\.cache\\firebase\\emulators\\ui-v1.4.2\\server.bundle.js"],"optionalArgs":[],"joinArgs":false} {"metadata":{"emulator":{"name":"ui"},"message":"Starting Emulator UI with command {\"binary\":\"node\",\"args\":[\"C:\\\\Users\\\\SyTruong\\\\.cache\\\\firebase\\\\emulators\\\\ui-v1.4.2\\\\server.bundle.js\"],\"optionalArgs\":[],\"joinArgs\":false}"}}
[info] i  ui: Emulator UI logging to ui-debug.log {"metadata":{"emulator":{"name":"ui"},"message":"Emulator UI logging to \u001b[1mui-debug.log\u001b[22m"}}
[debug] [2021-03-09T18:10:03.616Z] Web / API server started at http://localhost:4000
 {"metadata":{"emulator":{"name":"ui"},"message":"Web / API server started at http://localhost:4000\n"}}
[info] i  functions: Watching "C:\Users\SyTruong\Desktop\amazon-clone-app\amazon-clone\functions" for Cloud Functions... {"metadata":{"emulator":{"name":"functions"},"message":"Watching \"C:\\Users\\SyTruong\\Desktop\\amazon-clone-app\\amazon-clone\\functions\" for Cloud Functions..."}}
[debug] [2021-03-09T18:10:03.939Z] [worker-pool] addWorker(~diagnostic~) {"metadata":{"emulator":{"name":"functions"},"message":"[worker-pool] addWorker(~diagnostic~)"}}
[debug] [2021-03-09T18:10:03.939Z] [worker-pool] Adding worker with key ~diagnostic~, total=1 {"metadata":{"emulator":{"name":"functions"},"message":"[worker-pool] Adding worker with key ~diagnostic~, total=1"}}
[debug] [2021-03-09T18:10:03.940Z] [worker-pool] submitWork(triggerId=) {"metadata":{"emulator":{"name":"functions"},"message":"[worker-pool] submitWork(triggerId=)"}}
[debug] [2021-03-09T18:10:03.940Z] [worker-~diagnostic~-a8d249ea-4351-4dd1-a1b2-5b71c0b2a37c]: Assigning socketPath: \\?\pipe\C:\Users\SyTruong\Desktop\amazon-clone-app\amazon-clone\functions\20880 {"metadata":{"emulator":{"name":"functions"},"message":"[worker-~diagnostic~-a8d249ea-4351-4dd1-a1b2-5b71c0b2a37c]: Assigning socketPath: \\\\?\\pipe\\C:\\Users\\SyTruong\\Desktop\\amazon-clone-app\\amazon-clone\\functions\\20880"}}
[debug] [2021-03-09T18:10:03.941Z] [worker-~diagnostic~-a8d249ea-4351-4dd1-a1b2-5b71c0b2a37c]: BUSY {"metadata":{"emulator":{"name":"functions"},"message":"[worker-~diagnostic~-a8d249ea-4351-4dd1-a1b2-5b71c0b2a37c]: BUSY"}}
